0 info it worked if it ends with ok
1 verbose cli [ 'C:\\DEV\\nodejs\\node.exe',
1 verbose cli   'C:\\DEV\\nodejs\\node_modules\\npm\\bin\\npm-cli.js',
1 verbose cli   'start' ]
2 info using npm@3.8.3
3 info using node@v9.3.0
4 verbose stack Error: missing script: start
4 verbose stack     at run (C:\DEV\nodejs\node_modules\npm\lib\run-script.js:147:19)
4 verbose stack     at C:\DEV\nodejs\node_modules\npm\lib\run-script.js:57:5
4 verbose stack     at C:\DEV\nodejs\node_modules\npm\node_modules\read-package-json\read-json.js:345:5
4 verbose stack     at checkBinReferences_ (C:\DEV\nodejs\node_modules\npm\node_modules\read-package-json\read-json.js:309:45)
4 verbose stack     at final (C:\DEV\nodejs\node_modules\npm\node_modules\read-package-json\read-json.js:343:3)
4 verbose stack     at then (C:\DEV\nodejs\node_modules\npm\node_modules\read-package-json\read-json.js:113:5)
4 verbose stack     at ReadFileContext.<anonymous> (C:\DEV\nodejs\node_modules\npm\node_modules\read-package-json\read-json.js:284:20)
4 verbose stack     at ReadFileContext.callback (C:\DEV\nodejs\node_modules\npm\node_modules\graceful-fs\graceful-fs.js:78:16)
4 verbose stack     at FSReqWrap.readFileAfterOpen [as oncomplete] (fs.js:437:13)
5 verbose cwd C:\DEV\autonomy_wiremock\webapp\resources
6 error Windows_NT 6.1.7601
7 error argv "C:\\DEV\\nodejs\\node.exe" "C:\\DEV\\nodejs\\node_modules\\npm\\bin\\npm-cli.js" "start"
8 error node v9.3.0
9 error npm  v3.8.3
10 error missing script: start
11 error If you need help, you may report this error at:
11 error     <https://github.com/npm/npm/issues>
12 verbose exit [ 1, true ]
